Copyright 1986-2014 Xilinx, Inc. All Rights Reserved.
----------------------------------------------------------------------------------------
| Tool Version : Vivado v.2014.2 (win64) Build 932637 Wed Jun 11 13:30:22 MDT 2014
| Date         : Thu May 24 23:30:20 2018
| Host         : DESKTOP-55DQDG3 running 64-bit major release  (build 9200)
| Command      : report_clock_utilization -file Single_CPU_clock_utilization_placed.rpt
| Design       : Single_CPU
| Device       : xc7a35t
----------------------------------------------------------------------------------------

Clock Utilization Report

Table of Contents
-----------------
1. Clock Primitive Utilization
2. Details of Global Clocks
3. Details of Regional Clocks
4. Details of Multi-Regional Clocks
5. Details of I/O Clocks
6. Details of Local Clocks
7. Clock Regions : Key Resource Utilization
8. Net wise resources used in clock region X1Y0
9. Net wise resources used in clock region X0Y1
10. Net wise resources used in clock region X1Y1

1. Clock Primitive Utilization
------------------------------

+-------+------+-----------+-----------+
| Type  | Used | Available | Num Fixed |
+-------+------+-----------+-----------+
| BUFG  |    2 |        32 |         0 |
| BUFH  |    0 |        72 |         0 |
| BUFIO |    0 |        20 |         0 |
| MMCM  |    0 |         5 |         0 |
| PLL   |    0 |         5 |         0 |
| BUFR  |    0 |        20 |         0 |
| BUFMR |    0 |        10 |         0 |
+-------+------+-----------+-----------+


2. Details of Global Clocks
---------------------------

+-------+----------------------+-----------------+--------------+-------+---------------+-----------+
|       |                      |                 |   Num Loads  |       |               |           |
+-------+----------------------+-----------------+------+-------+-------+---------------+-----------+
| Index | BUFG Cell            | Net Name        | BELs | Sites | Fixed | MaxDelay (ns) | Skew (ns) |
+-------+----------------------+-----------------+------+-------+-------+---------------+-----------+
|     1 | clock_IBUF_BUFG_inst | clock_IBUF_BUFG |   39 |    12 |    no |         1.745 |     0.178 |
|     2 | work_clk_BUFG_inst   | work_clk_BUFG   |  495 |   321 |    no |         1.784 |     0.234 |
+-------+----------------------+-----------------+------+-------+-------+---------------+-----------+


3. Details of Regional Clocks
-----------------------------

4. Details of Multi-Regional Clocks
-----------------------------------

5. Details of I/O Clocks
------------------------

6. Details of Local Clocks
--------------------------

+-------+-----------------------------------------------+------------------------------+--------------+-------+---------------+-----------+
|       |                                               |                              |   Num Loads  |       |               |           |
+-------+-----------------------------------------------+------------------------------+------+-------+-------+---------------+-----------+
| Index | Local Clk Src                                 | Net Name                     | BELs | Sites | Fixed | MaxDelay (ns) | Skew (ns) |
+-------+-----------------------------------------------+------------------------------+------+-------+-------+---------------+-----------+
|     1 | controlUnit/DBDataSrc_reg/L3_2                | controlUnit/DBDataSrc_reg/G0 |    1 |     1 |    no |         0.733 |     0.059 |
|     2 | pc/PCSrc_reg[1]_i_2                           | pc/I135[0]                   |    2 |     1 |    no |         0.832 |     0.059 |
|     3 | pc/ExtSel_reg_i_2                             | pc/O2                        |    2 |     2 |    no |         1.070 |     0.330 |
|     4 | pc/DBDataSrc_reg_i_1                          | pc/O70                       |    2 |     2 |    no |         0.733 |     0.164 |
|     5 | controlUnit/pcIn_reg[7]_i_2                   | controlUnit/O9[0]            |    7 |     5 |    no |         0.685 |     0.278 |
|     6 | pc/RegDst_reg_i_2                             | pc/E[0]                      |    8 |     4 |    no |         0.684 |     0.277 |
|     7 | eliminationBuffet/regFile_reg_r1_0_31_0_5_i_1 | eliminationBuffet/O1         |   96 |    12 |    no |         2.431 |     0.279 |
+-------+-----------------------------------------------+------------------------------+------+-------+-------+---------------+-----------+


7. Clock Regions : Key Resource Utilization
-------------------------------------------

+-------------------+--------------+--------------+--------------+--------------+--------------+--------------+--------------+--------------+--------------+--------------+--------------+--------------+--------------+--------------+--------------+
|                   | Global Clock |     BUFRs    |    BUFMRs    |    BUFIOs    |     MMCM     |      PLL     |      GT      |      PCI     |    ILOGIC    |    OLOGIC    |      FF      |     LUTM     |    RAMB18    |    RAMB36    |    DSP48E1   |
+-------------------+------+-------+------+-------+------+-------+------+-------+------+-------+------+-------+------+-------+------+-------+------+-------+------+-------+------+-------+------+-------+------+-------+------+-------+------+-------+
| Clock Region Name | Used | Avail | Used | Avail | Used | Avail | Used | Avail | Used | Avail | Used | Avail | Used | Avail | Used | Avail | Used | Avail | Used | Avail | Used | Avail | Used | Avail | Used | Avail | Used | Avail | Used | Avail |
+-------------------+------+-------+------+-------+------+-------+------+-------+------+-------+------+-------+------+-------+------+-------+------+-------+------+-------+------+-------+------+-------+------+-------+------+-------+------+-------+
| X0Y0              |    0 |    12 |    0 |     4 |    0 |     2 |    0 |     4 |    0 |     1 |    0 |     1 |    0 |     0 |    0 |     0 |    0 |    50 |    0 |    50 |    0 |  9600 |    0 |  1600 |    0 |    20 |    0 |    10 |    0 |    20 |
| X1Y0              |    1 |    12 |    0 |     4 |    0 |     2 |    0 |     4 |    0 |     1 |    0 |     1 |    0 |     0 |    0 |     0 |    0 |    50 |    0 |    50 |    7 | 12000 |    0 |  1800 |    0 |    40 |    0 |    20 |    0 |    20 |
| X0Y1              |    1 |    12 |    0 |     4 |    0 |     2 |    0 |     4 |    0 |     1 |    0 |     1 |    0 |     0 |    0 |     0 |    0 |    50 |    0 |    50 |   84 |  9600 |    0 |  1600 |    0 |    20 |    0 |    10 |    0 |    20 |
| X1Y1              |    2 |    12 |    0 |     4 |    0 |     2 |    0 |     4 |    0 |     1 |    0 |     1 |    0 |     0 |    0 |     0 |    0 |    50 |    0 |    50 |  445 | 12000 |   96 |  1800 |    0 |    40 |    0 |    20 |    0 |    20 |
| X0Y2              |    0 |    12 |    0 |     4 |    0 |     2 |    0 |     4 |    0 |     1 |    0 |     1 |    0 |     0 |    0 |     0 |    0 |    50 |    0 |    50 |    0 | 14400 |    0 |  1600 |    0 |    20 |    0 |    10 |    0 |    20 |
| X1Y2              |    0 |    12 |    0 |     0 |    0 |     0 |    0 |     0 |    0 |     0 |    0 |     0 |    0 |     5 |    0 |     1 |    0 |     0 |    0 |     0 |   19 |  7600 |    0 |  1200 |    0 |    10 |    0 |     5 |    0 |    20 |
+-------------------+------+-------+------+-------+------+-------+------+-------+------+-------+------+-------+------+-------+------+-------+------+-------+------+-------+------+-------+------+-------+------+-------+------+-------+------+-------+
* RAMB36 site can be used as two RAMB18/FIFO18 sites


8. Net wise resources used in clock region X1Y0
-----------------------------------------------

+-------------+-------------+-------+-----------+----------+---------+-----------+---------+---------+-----+-------+----------+-----------------+
| Source Type | BUFHCE Site | Fixed | MMCM Pins | PLL Pins | GT Pins | BRAM Pins | ILOGICs | OLOGICs | FFs | LUTMs | DSP48E1s |  Clock Net Name |
+-------------+-------------+-------+-----------+----------+---------+-----------+---------+---------+-----+-------+----------+-----------------+
| BUFG        |     ---     |   no  |         0 |        0 |       0 |         0 |       0 |       0 |   7 |     0 |        0 | clock_IBUF_BUFG |
+-------------+-------------+-------+-----------+----------+---------+-----------+---------+---------+-----+-------+----------+-----------------+


9. Net wise resources used in clock region X0Y1
-----------------------------------------------

+-------------+-------------+-------+-----------+----------+---------+-----------+---------+---------+-----+-------+----------+----------------+
| Source Type | BUFHCE Site | Fixed | MMCM Pins | PLL Pins | GT Pins | BRAM Pins | ILOGICs | OLOGICs | FFs | LUTMs | DSP48E1s | Clock Net Name |
+-------------+-------------+-------+-----------+----------+---------+-----------+---------+---------+-----+-------+----------+----------------+
| BUFG        |     ---     |   no  |         0 |        0 |       0 |         0 |       0 |       0 |  84 |     0 |        0 | work_clk_BUFG  |
+-------------+-------------+-------+-----------+----------+---------+-----------+---------+---------+-----+-------+----------+----------------+


10. Net wise resources used in clock region X1Y1
------------------------------------------------

+-------------+-------------+-------+-----------+----------+---------+-----------+---------+---------+-----+-------+----------+-----------------+
| Source Type | BUFHCE Site | Fixed | MMCM Pins | PLL Pins | GT Pins | BRAM Pins | ILOGICs | OLOGICs | FFs | LUTMs | DSP48E1s |  Clock Net Name |
+-------------+-------------+-------+-----------+----------+---------+-----------+---------+---------+-----+-------+----------+-----------------+
| BUFG        |     ---     |   no  |         0 |        0 |       0 |         0 |       0 |       0 |  32 |     0 |        0 | clock_IBUF_BUFG |
| BUFG        |     ---     |   no  |         0 |        0 |       0 |         0 |       0 |       0 | 411 |     0 |        0 | work_clk_BUFG   |
+-------------+-------------+-------+-----------+----------+---------+-----------+---------+---------+-----+-------+----------+-----------------+



# Location of BUFG Primitives 
set_property LOC BUFGCTRL_X0Y1 [get_cells clock_IBUF_BUFG_inst]
set_property LOC BUFGCTRL_X0Y0 [get_cells work_clk_BUFG_inst]

# Location of IO Clock Primitives

# Location of MMCM Clock Primitives

# Location of BUFH Clock Primitives

# Location of BUFR Clock Primitives

# Location of BUFMR Clock Primitives

# Location of PLL Clock Primitives

# Location of IO Primitives which is load of clock spine

# Location of clock ports
set_property LOC IOB_X1Y26 [get_ports clock]

# Clock net "clock_IBUF_BUFG" driven by instance "clock_IBUF_BUFG_inst" located at site "BUFGCTRL_X0Y1"
#startgroup
create_pblock CLKAG_clock_IBUF_BUFG
add_cells_to_pblock [get_pblocks  CLKAG_clock_IBUF_BUFG] [get_cells  -filter { IS_PRIMITIVE==1 && PRIMITIVE_LEVEL !=INTERNAL } -of_object [get_pins -filter {DIRECTION==IN} -of_objects [get_nets -hierarchical -filter {PARENT=="clock_IBUF_BUFG"}]]]
resize_pblock [get_pblocks CLKAG_clock_IBUF_BUFG] -add {CLOCKREGION_X1Y0:CLOCKREGION_X1Y0 CLOCKREGION_X1Y1:CLOCKREGION_X1Y1}
#endgroup

# Clock net "controlUnit/DBDataSrc_reg/G0" driven by instance "controlUnit/DBDataSrc_reg/L3_2" located at site "SLICE_X38Y107"
#startgroup
create_pblock CLKAG_controlUnit/DBDataSrc_reg/G0
add_cells_to_pblock [get_pblocks  CLKAG_controlUnit/DBDataSrc_reg/G0] [get_cells  -filter { IS_PRIMITIVE==1 && PRIMITIVE_LEVEL !=INTERNAL } -of_object [get_pins -filter {DIRECTION==IN} -of_objects [get_nets -hierarchical -filter {PARENT=="controlUnit/DBDataSrc_reg/G0"}]]]
resize_pblock [get_pblocks CLKAG_controlUnit/DBDataSrc_reg/G0] -add {CLOCKREGION_X1Y2:CLOCKREGION_X1Y2}
#endgroup

# Clock net "controlUnit/O9[0]" driven by instance "controlUnit/pcIn_reg[7]_i_2" located at site "SLICE_X52Y101"
#startgroup
create_pblock CLKAG_controlUnit/O9[0]
add_cells_to_pblock [get_pblocks  CLKAG_controlUnit/O9[0]] [get_cells  -filter { IS_PRIMITIVE==1 && PRIMITIVE_LEVEL !=INTERNAL } -of_object [get_pins -filter {DIRECTION==IN} -of_objects [get_nets -hierarchical -filter {PARENT=="controlUnit/O9[0]"}]]]
resize_pblock [get_pblocks CLKAG_controlUnit/O9[0]] -add {CLOCKREGION_X1Y2:CLOCKREGION_X1Y2}
#endgroup

# Clock net "eliminationBuffet/O1" driven by instance "eliminationBuffet/regFile_reg_r1_0_31_0_5_i_1" located at site "SLICE_X36Y46"
#startgroup
create_pblock CLKAG_eliminationBuffet/O1
add_cells_to_pblock [get_pblocks  CLKAG_eliminationBuffet/O1] [get_cells  -filter { IS_PRIMITIVE==1 && PRIMITIVE_LEVEL !=INTERNAL } -of_object [get_pins -filter {DIRECTION==IN} -of_objects [get_nets -hierarchical -filter {PARENT=="eliminationBuffet/O1"}]]]
resize_pblock [get_pblocks CLKAG_eliminationBuffet/O1] -add {CLOCKREGION_X1Y1:CLOCKREGION_X1Y1}
#endgroup

# Clock net "pc/E[0]" driven by instance "pc/RegDst_reg_i_2" located at site "SLICE_X39Y105"
#startgroup
create_pblock CLKAG_pc/E[0]
add_cells_to_pblock [get_pblocks  CLKAG_pc/E[0]] [get_cells  -filter { IS_PRIMITIVE==1 && PRIMITIVE_LEVEL !=INTERNAL } -of_object [get_pins -filter {DIRECTION==IN} -of_objects [get_nets -hierarchical -filter {PARENT=="pc/E[0]"}]]]
resize_pblock [get_pblocks CLKAG_pc/E[0]] -add {CLOCKREGION_X1Y1:CLOCKREGION_X1Y1 CLOCKREGION_X1Y2:CLOCKREGION_X1Y2}
#endgroup

# Clock net "pc/I135[0]" driven by instance "pc/PCSrc_reg[1]_i_2" located at site "SLICE_X49Y103"
#startgroup
create_pblock CLKAG_pc/I135[0]
add_cells_to_pblock [get_pblocks  CLKAG_pc/I135[0]] [get_cells  -filter { IS_PRIMITIVE==1 && PRIMITIVE_LEVEL !=INTERNAL } -of_object [get_pins -filter {DIRECTION==IN} -of_objects [get_nets -hierarchical -filter {PARENT=="pc/I135[0]"}]]]
resize_pblock [get_pblocks CLKAG_pc/I135[0]] -add {CLOCKREGION_X1Y2:CLOCKREGION_X1Y2}
#endgroup

# Clock net "pc/O2" driven by instance "pc/ExtSel_reg_i_2" located at site "SLICE_X36Y105"
#startgroup
create_pblock CLKAG_pc/O2
add_cells_to_pblock [get_pblocks  CLKAG_pc/O2] [get_cells  -filter { IS_PRIMITIVE==1 && PRIMITIVE_LEVEL !=INTERNAL } -of_object [get_pins -filter {DIRECTION==IN} -of_objects [get_nets -hierarchical -filter {PARENT=="pc/O2"}]]]
resize_pblock [get_pblocks CLKAG_pc/O2] -add {CLOCKREGION_X1Y2:CLOCKREGION_X1Y2}
#endgroup

# Clock net "pc/O70" driven by instance "pc/DBDataSrc_reg_i_1" located at site "SLICE_X38Y106"
#startgroup
create_pblock CLKAG_pc/O70
add_cells_to_pblock [get_pblocks  CLKAG_pc/O70] [get_cells  -filter { IS_PRIMITIVE==1 && PRIMITIVE_LEVEL !=INTERNAL } -of_object [get_pins -filter {DIRECTION==IN} -of_objects [get_nets -hierarchical -filter {PARENT=="pc/O70"}]]]
resize_pblock [get_pblocks CLKAG_pc/O70] -add {CLOCKREGION_X1Y2:CLOCKREGION_X1Y2}
#endgroup

# Clock net "work_clk_BUFG" driven by instance "work_clk_BUFG_inst" located at site "BUFGCTRL_X0Y0"
#startgroup
create_pblock CLKAG_work_clk_BUFG
add_cells_to_pblock [get_pblocks  CLKAG_work_clk_BUFG] [get_cells  -filter { IS_PRIMITIVE==1 && PRIMITIVE_LEVEL !=INTERNAL } -of_object [get_pins -filter {DIRECTION==IN} -of_objects [get_nets -hierarchical -filter {PARENT=="work_clk_BUFG"}]]]
resize_pblock [get_pblocks CLKAG_work_clk_BUFG] -add {CLOCKREGION_X0Y1:CLOCKREGION_X0Y1 CLOCKREGION_X1Y1:CLOCKREGION_X1Y1}
#endgroup
