Copyright 1986-2014 Xilinx, Inc. All Rights Reserved.
---------------------------------------------------------------------------------------
| Tool Version     : Vivado v.2014.2 (win64) Build 932637 Wed Jun 11 13:30:22 MDT 2014
| Date             : Mon Jun 25 21:01:19 2018
| Host             : DESKTOP-55DQDG3 running 64-bit major release  (build 9200)
| Command          : 
| Design           : Multicycle_CPU
| Device           : xc7a35tcpg236-1
| Design State     : Routed
| Grade            : commercial
| Process          : typical
| Characterization : Production
---------------------------------------------------------------------------------------

Power Report

Table of Contents
-----------------
1. Summary
1.1 On-Chip Components
1.2 Power Supply Summary
1.3 Confidence Level
2. Settings
2.1 Environment
2.2 Clock Constraints
3. Detailed Reports
3.1 By Hierarchy

1. Summary
----------

+--------------------------+-------+
| Total On-Chip Power (W)  | 4.196 |
| Dynamic (W)              | 4.111 |
| Device Static (W)        | 0.085 |
| Effective TJA (C/W)      | 5.0   |
| Max Ambient (C)          | 64.0  |
| Junction Temperature (C) | 46.0  |
| Confidence Level         | Low   |
| Setting File             | ---   |
| Simulation Activity File | ---   |
| Design Nets Matched      | NA    |
+--------------------------+-------+


1.1 On-Chip Components
----------------------

+--------------------------+-----------+----------+-----------+-----------------+
| On-Chip                  | Power (W) | Used     | Available | Utilization (%) |
+--------------------------+-----------+----------+-----------+-----------------+
| Slice Logic              |     0.085 |     4043 |       --- |             --- |
|   LUT as Logic           |     0.068 |     2561 |     20800 |           12.31 |
|   BUFG                   |     0.008 |        3 |        32 |            9.37 |
|   Register               |     0.006 |      781 |     41600 |            1.87 |
|   CARRY4                 |     0.003 |       42 |      8150 |            0.51 |
|   F7/F8 Muxes            |    <0.001 |      147 |     32600 |            0.45 |
|   LUT as Distributed RAM |    <0.001 |       48 |      9600 |            0.50 |
|   Others                 |     0.000 |       29 |       --- |             --- |
| Signals                  |     0.174 |     3117 |       --- |             --- |
| I/O                      |     3.851 |       19 |       106 |           17.92 |
| Static Power             |     0.085 |          |           |                 |
| Total                    |     4.196 |          |           |                 |
+--------------------------+-----------+----------+-----------+-----------------+


1.2 Power Supply Summary
------------------------

+-----------+-------------+-----------+-------------+------------+
| Source    | Voltage (V) | Total (A) | Dynamic (A) | Static (A) |
+-----------+-------------+-----------+-------------+------------+
| Vccint    |       1.000 |     0.297 |       0.276 |      0.021 |
| Vccaux    |       1.800 |     0.154 |       0.141 |      0.014 |
| Vcco33    |       3.300 |     1.087 |       1.086 |      0.001 |
| Vcco25    |       2.500 |     0.000 |       0.000 |      0.000 |
| Vcco18    |       1.800 |     0.000 |       0.000 |      0.000 |
| Vcco15    |       1.500 |     0.000 |       0.000 |      0.000 |
| Vcco135   |       1.350 |     0.000 |       0.000 |      0.000 |
| Vcco12    |       1.200 |     0.000 |       0.000 |      0.000 |
| Vccaux_io |       0.000 |     0.000 |       0.000 |      0.000 |
| Vccbram   |       1.000 |     0.000 |       0.000 |      0.000 |
| MGTAVcc   |       1.000 |     0.000 |       0.000 |      0.000 |
| MGTAVtt   |       1.200 |     0.000 |       0.000 |      0.000 |
| Vccadc    |       1.800 |     0.020 |       0.000 |      0.020 |
+-----------+-------------+-----------+-------------+------------+


1.3 Confidence Level
--------------------

+-----------------------------+------------+--------------------------------------------------------+--------------------------------------------------------------------------------------------------------------------+
| User Input Data             | Confidence | Details                                                | Action                                                                                                             |
+-----------------------------+------------+--------------------------------------------------------+--------------------------------------------------------------------------------------------------------------------+
| Design implementation state | High       | Design is routed                                       |                                                                                                                    |
| Clock nodes activity        | Low        | User specified less than 75% of clocks                 | Provide missing clock activity with a constraint file, simulation results or by editing the "By Clock Domain" view |
| I/O nodes activity          | Low        | More than 75% of inputs are missing user specification | Provide missing input activity with simulation results or by editing the "By Resource Type -> I/Os" view           |
| Internal nodes activity     | Medium     | User specified less than 25% of internal nodes         | Provide missing internal nodes activity with simulation results or by editing the "By Resource Type" views         |
| Device models               | High       | Device models are Production                           |                                                                                                                    |
|                             |            |                                                        |                                                                                                                    |
| Overall confidence level    | Low        |                                                        |                                                                                                                    |
+-----------------------------+------------+--------------------------------------------------------+--------------------------------------------------------------------------------------------------------------------+


2. Settings
-----------

2.1 Environment
---------------

+-----------------------+--------------------------+
| Ambient Temp (C)      | 25.0                     |
| ThetaJA (C/W)         | 5.0                      |
| Airflow (LFM)         | 250                      |
| Heat Sink             | medium (Medium Profile)  |
| ThetaSA (C/W)         | 4.6                      |
| Board Selection       | medium (10"x10")         |
| # of Board Layers     | 12to15 (12 to 15 Layers) |
| Board Temperature (C) | 25.0                     |
+-----------------------+--------------------------+


2.2 Clock Constraints
---------------------

+-------+--------+-----------------+
| Clock | Domain | Constraint (ns) |
+-------+--------+-----------------+


3. Detailed Reports
-------------------

3.1 By Hierarchy
----------------

+---------------------------------+-----------+
| Name                            | Power (W) |
+---------------------------------+-----------+
| Multicycle_CPU                  |     4.111 |
|   ControlUnit_Instance          |     0.002 |
|     RegWre_reg                  |     0.000 |
|   Exe_Instance                  |     0.009 |
|     ALU_Instance                |     0.000 |
|     ALUoutDR                    |     0.009 |
|   ID_Instance                   |     0.011 |
|     ADR                         |     0.011 |
|     BDR                         |     0.000 |
|     Multiplexer3_Instance       |     0.000 |
|     RegFile_Instance            |    <0.001 |
|       regFile_reg_r1_0_31_0_5   |    <0.001 |
|       regFile_reg_r1_0_31_12_17 |    <0.001 |
|       regFile_reg_r1_0_31_18_23 |    <0.001 |
|       regFile_reg_r1_0_31_24_29 |    <0.001 |
|       regFile_reg_r1_0_31_30_31 |    <0.001 |
|       regFile_reg_r1_0_31_6_11  |    <0.001 |
|       regFile_reg_r2_0_31_0_5   |    <0.001 |
|       regFile_reg_r2_0_31_12_17 |    <0.001 |
|       regFile_reg_r2_0_31_18_23 |    <0.001 |
|       regFile_reg_r2_0_31_24_29 |    <0.001 |
|       regFile_reg_r2_0_31_30_31 |    <0.001 |
|       regFile_reg_r2_0_31_6_11  |    <0.001 |
|   IF_Instance                   |     0.065 |
|     IR                          |     0.008 |
|     InsMem_Instance             |     0.007 |
|     PC_Instance                 |     0.048 |
|       PC_Add4_Instance          |     0.003 |
|       PC_AddOffset_Instance     |     0.005 |
|       PC_Generate_Instance      |     0.041 |
|   Mem_Instance                  |     0.003 |
|     DBDR                        |     0.003 |
|     DataMem_Instance            |     0.000 |
|   WB_Instance                   |     0.001 |
|   display                       |     0.085 |
|   eliminationBuffet             |     0.007 |
+---------------------------------+-----------+


